Using pre-set license
Built from '2020.2/release' branch; Version is '2020.2.2f1 (068178b99f32) revision 426360'; Using compiler version '192528614'; Build Type 'Release'
OS: 'Windows 10 Home; OS build 19042.1110; Version 2009; 64bit' Language: 'en' Physical Memory: 30597 MB
BatchMode: 1, IsHumanControllingUs: 0, StartBugReporterOnCrash: 0, Is64bit: 1, IsPro: 0

 COMMAND LINE ARGUMENTS:
C:\Program Files\Unity\Hub\Editor\2020.2.2f1\Editor\Unity.exe
-adb2
-batchMode
-noUpm
-name
AssetImportWorker0
-projectPath
C:/Users/joshu/Downloads/All Diploma Files/Adv Programming/Assignment 2/Effects
-logFile
Logs/AssetImportWorker0.log
-srvPort
53383
Successfully changed project path to: C:/Users/joshu/Downloads/All Diploma Files/Adv Programming/Assignment 2/Effects
C:/Users/joshu/Downloads/All Diploma Files/Adv Programming/Assignment 2/Effects
Using Asset Import Pipeline V2.
Refreshing native plugins compatible for Editor in 60.83 ms, found 0 plugins.
Preloading 0 native plugins for Editor in 0.00 ms.
Initialize engine version: 2020.2.2f1 (068178b99f32)
[Subsystems] Discovering subsystems at path C:/Program Files/Unity/Hub/Editor/2020.2.2f1/Editor/Data/Resources/UnitySubsystems
[Subsystems] Discovering subsystems at path C:/Users/joshu/Downloads/All Diploma Files/Adv Programming/Assignment 2/Effects/Assets
GfxDevice: creating device client; threaded=0
Direct3D:
    Version:  Direct3D 11.0 [level 11.1]
    Renderer: NVIDIA GeForce GTX 1050 (ID=0x1c91)
    Vendor:   
    VRAM:     2996 MB
    Driver:   30.0.14.9729
Initialize mono
Mono path[0] = 'C:/Program Files/Unity/Hub/Editor/2020.2.2f1/Editor/Data/Managed'
Mono path[1] = 'C:/Program Files/Unity/Hub/Editor/2020.2.2f1/Editor/Data/MonoBleedingEdge/lib/mono/unityjit'
Mono config path = 'C:/Program Files/Unity/Hub/Editor/2020.2.2f1/Editor/Data/MonoBleedingEdge/etc'
Using monoOptions --debugger-agent=transport=dt_socket,embedding=1,server=y,suspend=n,address=127.0.0.1:56728
Begin MonoManager ReloadAssembly
Registering precompiled unity dll's ...
Register platform support module: C:/Program Files/Unity/Hub/Editor/2020.2.2f1/Editor/Data/PlaybackEngines/WebGLSupport/UnityEditor.WebGL.Extensions.dll
Register platform support module: C:/Program Files/Unity/Hub/Editor/2020.2.2f1/Editor/Data/PlaybackEngines/MacStandaloneSupport/UnityEditor.OSXStandalone.Extensions.dll
Register platform support module: C:/Program Files/Unity/Hub/Editor/2020.2.2f1/Editor/Data/PlaybackEngines/WindowsStandaloneSupport/UnityEditor.WindowsStandalone.Extensions.dll
Register platform support module: C:/Program Files/Unity/Hub/Editor/2020.2.2f1/Editor/Data/PlaybackEngines/LinuxStandaloneSupport/UnityEditor.LinuxStandalone.Extensions.dll
Register platform support module: C:/Program Files/Unity/Hub/Editor/2020.2.2f1/Editor/Data/PlaybackEngines/LuminSupport/UnityEditor.Lumin.Extensions.dll
Registered in 0.004865 seconds.
Native extension for Lumin target not found
Native extension for LinuxStandalone target not found
Native extension for WindowsStandalone target not found
Native extension for OSXStandalone target not found
Native extension for WebGL target not found
Refreshing native plugins compatible for Editor in 61.91 ms, found 0 plugins.
Preloading 0 native plugins for Editor in 0.00 ms.
Invoked RoslynAnalysisRunner static constructor.
RoslynAnalysisRunner will not be running.
RoslynAnalysisRunner has terminated.
Mono: successfully reloaded assembly
- Completed reload, in  2.905 seconds
Platform modules already initialized, skipping
Registering precompiled user dll's ...
Registered in 0.002395 seconds.
Begin MonoManager ReloadAssembly
Native extension for Lumin target not found
Native extension for LinuxStandalone target not found
Native extension for WindowsStandalone target not found
Native extension for OSXStandalone target not found
Native extension for WebGL target not found
Refreshing native plugins compatible for Editor in 62.11 ms, found 0 plugins.
Preloading 0 native plugins for Editor in 0.00 ms.
Invoked RoslynAnalysisRunner static constructor.
RoslynAnalysisRunner will not be running.
RoslynAnalysisRunner has terminated.
Mono: successfully reloaded assembly
- Completed reload, in  1.558 seconds
Platform modules already initialized, skipping
========================================================================
Worker process is ready to serve import requests
Launched and connected shader compiler UnityShaderCompiler.exe after 0.05 seconds
Refreshing native plugins compatible for Editor in 0.82 ms, found 0 plugins.
Preloading 0 native plugins for Editor in 0.00 ms.
Unloading 2819 Unused Serialized files (Serialized files now loaded: 0)
System memory in use before: 113.5 MB.
System memory in use after: 113.6 MB.

Unloading 76 unused Assets to reduce memory usage. Loaded Objects now: 3257.
Total: 4.018500 ms (FindLiveObjects: 0.493800 ms CreateObjectMapping: 0.229800 ms MarkObjects: 3.029600 ms  DeleteObjects: 0.262700 ms)

========================================================================
Received Import Request.
  path: Assets/WaterSim/Scripts
  artifactKey: Guid(32426152f57ca9248a173c7ec7a51384) Importer(815301076,1909f56bfc062723c751e8b465ee728b)
Start importing Assets/WaterSim/Scripts using Guid(32426152f57ca9248a173c7ec7a51384) Importer(815301076,1909f56bfc062723c751e8b465ee728b)  -> (artifact id: '71240faf1e28029d6c3098a4918fcd38') in 0.008021 seconds
  Import took 0.012956 seconds .

========================================================================
Received Import Request.
  Time since last request: 32.716929 seconds.
  path: Assets/ParticleEffects/Scenes/Fireworks.unity
  artifactKey: Guid(ed63831e6388ec94aa4f7e0f09a390ba) Importer(815301076,1909f56bfc062723c751e8b465ee728b)
Start importing Assets/ParticleEffects/Scenes/Fireworks.unity using Guid(ed63831e6388ec94aa4f7e0f09a390ba) Importer(815301076,1909f56bfc062723c751e8b465ee728b)  -> (artifact id: '3800b86735d5753fd175af0b171014c0') in 0.010809 seconds
  Import took 0.016670 seconds .

========================================================================
Received Import Request.
  Time since last request: 0.047247 seconds.
  path: Assets/ParticleEffects/Scenes/Fireworks.unity
  artifactKey: Guid(ed63831e6388ec94aa4f7e0f09a390ba) Importer(815301076,1909f56bfc062723c751e8b465ee728b)
Start importing Assets/ParticleEffects/Scenes/Fireworks.unity using Guid(ed63831e6388ec94aa4f7e0f09a390ba) Importer(815301076,1909f56bfc062723c751e8b465ee728b)  -> (artifact id: '3800b86735d5753fd175af0b171014c0') in 0.003959 seconds
  Import took 0.009486 seconds .

========================================================================
Received Import Request.
  Time since last request: 1.810485 seconds.
  path: Assets/ParticleEffects/Scenes/MuzzleFlash.unity
  artifactKey: Guid(4a7b44b17c3bc1747b44848d836f34a1) Importer(815301076,1909f56bfc062723c751e8b465ee728b)
Start importing Assets/ParticleEffects/Scenes/MuzzleFlash.unity using Guid(4a7b44b17c3bc1747b44848d836f34a1) Importer(815301076,1909f56bfc062723c751e8b465ee728b)  -> (artifact id: '74085fe759142323ba15286c5633517a') in 0.009546 seconds
  Import took 0.015445 seconds .

========================================================================
Received Import Request.
  Time since last request: 2.596613 seconds.
  path: Assets/ParticleEffects/Scenes/Smoke.unity
  artifactKey: Guid(7ee6252a04766be44a89e58fe4490953) Importer(815301076,1909f56bfc062723c751e8b465ee728b)
Start importing Assets/ParticleEffects/Scenes/Smoke.unity using Guid(7ee6252a04766be44a89e58fe4490953) Importer(815301076,1909f56bfc062723c751e8b465ee728b)  -> (artifact id: '548a61a37590bf849a756ab5e953c36b') in 0.009199 seconds
  Import took 0.015779 seconds .

========================================================================
Received Import Request.
  Time since last request: 3.285592 seconds.
  path: Assets/Create Effects
  artifactKey: Guid(e6a4cf5c597c18043bf39ae3f7d8007f) Importer(815301076,1909f56bfc062723c751e8b465ee728b)
Start importing Assets/Create Effects using Guid(e6a4cf5c597c18043bf39ae3f7d8007f) Importer(815301076,1909f56bfc062723c751e8b465ee728b)  -> (artifact id: '7a00744eabaa24cc03890fe236ef6b98') in 0.009604 seconds
  Import took 0.015754 seconds .

========================================================================
Received Import Request.
  Time since last request: 10.769292 seconds.
  path: Assets/NewBehaviourScript.cs
  artifactKey: Guid(1b23d8bbf2cdeb449a74f6c7f13ba489) Importer(815301076,1909f56bfc062723c751e8b465ee728b)
Start importing Assets/NewBehaviourScript.cs using Guid(1b23d8bbf2cdeb449a74f6c7f13ba489) Importer(815301076,1909f56bfc062723c751e8b465ee728b)  -> (artifact id: '3486b893295adaaeaf795b342f9ab14b') in 0.026267 seconds
  Import took 0.031771 seconds .

========================================================================
Received Import Request.
  Time since last request: 2.611122 seconds.
  path: Assets/WaterSim
  artifactKey: Guid(77c254c347221bb4bb859c0dc2519a0d) Importer(815301076,1909f56bfc062723c751e8b465ee728b)
Start importing Assets/WaterSim using Guid(77c254c347221bb4bb859c0dc2519a0d) Importer(815301076,1909f56bfc062723c751e8b465ee728b)  -> (artifact id: 'b229107ae91938181a31393ecee1f426') in 0.011611 seconds
  Import took 0.017110 seconds .

========================================================================
Received Prepare
Registering precompiled user dll's ...
Registered in 0.001994 seconds.
Begin MonoManager ReloadAssembly
Native extension for Lumin target not found
Native extension for LinuxStandalone target not found
Native extension for WindowsStandalone target not found
Native extension for OSXStandalone target not found
Native extension for WebGL target not found
Refreshing native plugins compatible for Editor in 0.65 ms, found 0 plugins.
Preloading 0 native plugins for Editor in 0.00 ms.
Warning: Annotation not found!
UnityEngine.StackTraceUtility:ExtractStackTrace ()
UnityEditor.ProBuilder.EditorUtility:SetGizmoIconEnabled (System.Type,bool) (at Library/PackageCache/com.unity.probuilder@4.4.0/Editor/EditorCore/EditorUtility.cs:593)
UnityEditor.ProBuilder.HierarchyListener:.cctor () (at Library/PackageCache/com.unity.probuilder@4.4.0/Editor/EditorCore/HierarchyListener.cs:21)
System.Runtime.CompilerServices.RuntimeHelpers:RunClassConstructor (System.RuntimeTypeHandle)
UnityEditor.EditorAssemblies:ProcessInitializeOnLoadAttributes (System.Type[])

[Library/PackageCache/com.unity.probuilder@4.4.0/Editor/EditorCore/EditorUtility.cs line 593]

Invoked RoslynAnalysisRunner static constructor.
RoslynAnalysisRunner will not be running.
RoslynAnalysisRunner has terminated.
Mono: successfully reloaded assembly
- Completed reload, in  1.359 seconds
Platform modules already initialized, skipping
Refreshing native plugins compatible for Editor in 0.71 ms, found 0 plugins.
Preloading 0 native plugins for Editor in 0.00 ms.
Unloading 2775 Unused Serialized files (Serialized files now loaded: 0)
System memory in use before: 111.1 MB.
System memory in use after: 111.3 MB.

Unloading 9 unused Assets to reduce memory usage. Loaded Objects now: 3260.
Total: 4.782600 ms (FindLiveObjects: 0.721000 ms CreateObjectMapping: 0.435800 ms MarkObjects: 3.469200 ms  DeleteObjects: 0.155200 ms)

========================================================================
Received Prepare
Registering precompiled user dll's ...
Registered in 0.002266 seconds.
Begin MonoManager ReloadAssembly
Native extension for Lumin target not found
Native extension for LinuxStandalone target not found
Native extension for WindowsStandalone target not found
Native extension for OSXStandalone target not found
Native extension for WebGL target not found
Refreshing native plugins compatible for Editor in 0.58 ms, found 0 plugins.
Preloading 0 native plugins for Editor in 0.00 ms.
Warning: Annotation not found!
UnityEngine.StackTraceUtility:ExtractStackTrace ()
UnityEditor.ProBuilder.EditorUtility:SetGizmoIconEnabled (System.Type,bool) (at Library/PackageCache/com.unity.probuilder@4.4.0/Editor/EditorCore/EditorUtility.cs:593)
UnityEditor.ProBuilder.HierarchyListener:.cctor () (at Library/PackageCache/com.unity.probuilder@4.4.0/Editor/EditorCore/HierarchyListener.cs:21)
System.Runtime.CompilerServices.RuntimeHelpers:RunClassConstructor (System.RuntimeTypeHandle)
UnityEditor.EditorAssemblies:ProcessInitializeOnLoadAttributes (System.Type[])

[Library/PackageCache/com.unity.probuilder@4.4.0/Editor/EditorCore/EditorUtility.cs line 593]

Invoked RoslynAnalysisRunner static constructor.
RoslynAnalysisRunner will not be running.
RoslynAnalysisRunner has terminated.
Mono: successfully reloaded assembly
- Completed reload, in  1.293 seconds
Platform modules already initialized, skipping
Refreshing native plugins compatible for Editor in 0.54 ms, found 0 plugins.
Preloading 0 native plugins for Editor in 0.00 ms.
Unloading 2775 Unused Serialized files (Serialized files now loaded: 0)
System memory in use before: 111.8 MB.
System memory in use after: 111.9 MB.

Unloading 9 unused Assets to reduce memory usage. Loaded Objects now: 3262.
Total: 3.770800 ms (FindLiveObjects: 0.521000 ms CreateObjectMapping: 0.201400 ms MarkObjects: 2.892000 ms  DeleteObjects: 0.150500 ms)

========================================================================
Received Import Request.
  Time since last request: 16.913191 seconds.
  path: Assets/Class Work
  artifactKey: Guid(e6a4cf5c597c18043bf39ae3f7d8007f) Importer(815301076,1909f56bfc062723c751e8b465ee728b)
Start importing Assets/Class Work using Guid(e6a4cf5c597c18043bf39ae3f7d8007f) Importer(815301076,1909f56bfc062723c751e8b465ee728b)  -> (artifact id: '087b678b05b86e8b7617e91933f5b83f') in 0.020636 seconds
  Import took 0.029060 seconds .

========================================================================
Received Prepare
Registering precompiled user dll's ...
Registered in 0.001718 seconds.
Begin MonoManager ReloadAssembly
Native extension for Lumin target not found
Native extension for LinuxStandalone target not found
Native extension for WindowsStandalone target not found
Native extension for OSXStandalone target not found
Native extension for WebGL target not found
Refreshing native plugins compatible for Editor in 0.53 ms, found 0 plugins.
Preloading 0 native plugins for Editor in 0.00 ms.
Warning: Annotation not found!
UnityEngine.StackTraceUtility:ExtractStackTrace ()
UnityEditor.ProBuilder.EditorUtility:SetGizmoIconEnabled (System.Type,bool) (at Library/PackageCache/com.unity.probuilder@4.4.0/Editor/EditorCore/EditorUtility.cs:593)
UnityEditor.ProBuilder.HierarchyListener:.cctor () (at Library/PackageCache/com.unity.probuilder@4.4.0/Editor/EditorCore/HierarchyListener.cs:21)
System.Runtime.CompilerServices.RuntimeHelpers:RunClassConstructor (System.RuntimeTypeHandle)
UnityEditor.EditorAssemblies:ProcessInitializeOnLoadAttributes (System.Type[])

[Library/PackageCache/com.unity.probuilder@4.4.0/Editor/EditorCore/EditorUtility.cs line 593]

Invoked RoslynAnalysisRunner static constructor.
RoslynAnalysisRunner will not be running.
RoslynAnalysisRunner has terminated.
Mono: successfully reloaded assembly
- Completed reload, in  1.325 seconds
Platform modules already initialized, skipping
Refreshing native plugins compatible for Editor in 0.53 ms, found 0 plugins.
Preloading 0 native plugins for Editor in 0.00 ms.
Unloading 2775 Unused Serialized files (Serialized files now loaded: 0)
System memory in use before: 112.2 MB.
System memory in use after: 112.3 MB.

Unloading 9 unused Assets to reduce memory usage. Loaded Objects now: 3264.
Total: 5.362800 ms (FindLiveObjects: 0.396200 ms CreateObjectMapping: 0.192000 ms MarkObjects: 4.613700 ms  DeleteObjects: 0.158200 ms)

========================================================================
Received Import Request.
  Time since last request: 8.458273 seconds.
  path: Assets/Water Sim
  artifactKey: Guid(e6a4cf5c597c18043bf39ae3f7d8007f) Importer(815301076,1909f56bfc062723c751e8b465ee728b)
Start importing Assets/Water Sim using Guid(e6a4cf5c597c18043bf39ae3f7d8007f) Importer(815301076,1909f56bfc062723c751e8b465ee728b)  -> (artifact id: '8e273a78ea84675edef00e49635b9106') in 0.014357 seconds
  Import took 0.020554 seconds .

========================================================================
Received Prepare
Registering precompiled user dll's ...
Registered in 0.001724 seconds.
Begin MonoManager ReloadAssembly
Native extension for Lumin target not found
Native extension for LinuxStandalone target not found
Native extension for WindowsStandalone target not found
Native extension for OSXStandalone target not found
Native extension for WebGL target not found
Refreshing native plugins compatible for Editor in 0.53 ms, found 0 plugins.
Preloading 0 native plugins for Editor in 0.00 ms.
Warning: Annotation not found!
UnityEngine.StackTraceUtility:ExtractStackTrace ()
UnityEditor.ProBuilder.EditorUtility:SetGizmoIconEnabled (System.Type,bool) (at Library/PackageCache/com.unity.probuilder@4.4.0/Editor/EditorCore/EditorUtility.cs:593)
UnityEditor.ProBuilder.HierarchyListener:.cctor () (at Library/PackageCache/com.unity.probuilder@4.4.0/Editor/EditorCore/HierarchyListener.cs:21)
System.Runtime.CompilerServices.RuntimeHelpers:RunClassConstructor (System.RuntimeTypeHandle)
UnityEditor.EditorAssemblies:ProcessInitializeOnLoadAttributes (System.Type[])

[Library/PackageCache/com.unity.probuilder@4.4.0/Editor/EditorCore/EditorUtility.cs line 593]

Invoked RoslynAnalysisRunner static constructor.
RoslynAnalysisRunner will not be running.
RoslynAnalysisRunner has terminated.
Mono: successfully reloaded assembly
- Completed reload, in  1.319 seconds
Platform modules already initialized, skipping
Refreshing native plugins compatible for Editor in 0.59 ms, found 0 plugins.
Preloading 0 native plugins for Editor in 0.00 ms.
Unloading 2775 Unused Serialized files (Serialized files now loaded: 0)
System memory in use before: 111.9 MB.
System memory in use after: 112.0 MB.

Unloading 9 unused Assets to reduce memory usage. Loaded Objects now: 3266.
Total: 3.602700 ms (FindLiveObjects: 0.569000 ms CreateObjectMapping: 0.260300 ms MarkObjects: 2.624500 ms  DeleteObjects: 0.147500 ms)

========================================================================
Received Import Request.
  Time since last request: 22.997644 seconds.
  path: Assets/MainMenu.cs
  artifactKey: Guid(1b23d8bbf2cdeb449a74f6c7f13ba489) Importer(815301076,1909f56bfc062723c751e8b465ee728b)
Start importing Assets/MainMenu.cs using Guid(1b23d8bbf2cdeb449a74f6c7f13ba489) Importer(815301076,1909f56bfc062723c751e8b465ee728b)  -> (artifact id: '53c36585abe7e1ee47c6382102441cab') in 0.021150 seconds
  Import took 0.034498 seconds .

========================================================================
Received Prepare
Registering precompiled user dll's ...
Registered in 0.004763 seconds.
Begin MonoManager ReloadAssembly
Native extension for Lumin target not found
Native extension for LinuxStandalone target not found
Native extension for WindowsStandalone target not found
Native extension for OSXStandalone target not found
Native extension for WebGL target not found
Refreshing native plugins compatible for Editor in 1.00 ms, found 0 plugins.
Preloading 0 native plugins for Editor in 0.00 ms.
Warning: Annotation not found!
UnityEngine.StackTraceUtility:ExtractStackTrace ()
UnityEditor.ProBuilder.EditorUtility:SetGizmoIconEnabled (System.Type,bool) (at Library/PackageCache/com.unity.probuilder@4.4.0/Editor/EditorCore/EditorUtility.cs:593)
UnityEditor.ProBuilder.HierarchyListener:.cctor () (at Library/PackageCache/com.unity.probuilder@4.4.0/Editor/EditorCore/HierarchyListener.cs:21)
System.Runtime.CompilerServices.RuntimeHelpers:RunClassConstructor (System.RuntimeTypeHandle)
UnityEditor.EditorAssemblies:ProcessInitializeOnLoadAttributes (System.Type[])

[Library/PackageCache/com.unity.probuilder@4.4.0/Editor/EditorCore/EditorUtility.cs line 593]

Invoked RoslynAnalysisRunner static constructor.
RoslynAnalysisRunner will not be running.
RoslynAnalysisRunner has terminated.
Mono: successfully reloaded assembly
- Completed reload, in  2.033 seconds
Platform modules already initialized, skipping
Refreshing native plugins compatible for Editor in 0.77 ms, found 0 plugins.
Preloading 0 native plugins for Editor in 0.00 ms.
Unloading 2775 Unused Serialized files (Serialized files now loaded: 0)
System memory in use before: 112.2 MB.
System memory in use after: 112.4 MB.

Unloading 9 unused Assets to reduce memory usage. Loaded Objects now: 3268.
Total: 4.411800 ms (FindLiveObjects: 0.556900 ms CreateObjectMapping: 0.396300 ms MarkObjects: 3.290100 ms  DeleteObjects: 0.166800 ms)

========================================================================
Received Import Request.
  Time since last request: 14.831079 seconds.
  path: Assets/MainMenu.cs
  artifactKey: Guid(1b23d8bbf2cdeb449a74f6c7f13ba489) Importer(815301076,1909f56bfc062723c751e8b465ee728b)
Start importing Assets/MainMenu.cs using Guid(1b23d8bbf2cdeb449a74f6c7f13ba489) Importer(815301076,1909f56bfc062723c751e8b465ee728b)  -> (artifact id: '3309302fe3567b8be260a53d670e34b2') in 0.011614 seconds
  Import took 0.018376 seconds .

========================================================================
Received Prepare
Registering precompiled user dll's ...
Registered in 0.002697 seconds.
Begin MonoManager ReloadAssembly
Native extension for Lumin target not found
Native extension for LinuxStandalone target not found
Native extension for WindowsStandalone target not found
Native extension for OSXStandalone target not found
Native extension for WebGL target not found
Refreshing native plugins compatible for Editor in 0.54 ms, found 0 plugins.
Preloading 0 native plugins for Editor in 0.00 ms.
Warning: Annotation not found!
UnityEngine.StackTraceUtility:ExtractStackTrace ()
UnityEditor.ProBuilder.EditorUtility:SetGizmoIconEnabled (System.Type,bool) (at Library/PackageCache/com.unity.probuilder@4.4.0/Editor/EditorCore/EditorUtility.cs:593)
UnityEditor.ProBuilder.HierarchyListener:.cctor () (at Library/PackageCache/com.unity.probuilder@4.4.0/Editor/EditorCore/HierarchyListener.cs:21)
System.Runtime.CompilerServices.RuntimeHelpers:RunClassConstructor (System.RuntimeTypeHandle)
UnityEditor.EditorAssemblies:ProcessInitializeOnLoadAttributes (System.Type[])

[Library/PackageCache/com.unity.probuilder@4.4.0/Editor/EditorCore/EditorUtility.cs line 593]

Invoked RoslynAnalysisRunner static constructor.
RoslynAnalysisRunner will not be running.
RoslynAnalysisRunner has terminated.
Mono: successfully reloaded assembly
- Completed reload, in  1.757 seconds
Platform modules already initialized, skipping
Refreshing native plugins compatible for Editor in 1.57 ms, found 0 plugins.
Preloading 0 native plugins for Editor in 0.00 ms.
Unloading 2775 Unused Serialized files (Serialized files now loaded: 0)
System memory in use before: 112.0 MB.
System memory in use after: 112.1 MB.

Unloading 9 unused Assets to reduce memory usage. Loaded Objects now: 3270.
Total: 7.357100 ms (FindLiveObjects: 1.390400 ms CreateObjectMapping: 0.855400 ms MarkObjects: 4.885200 ms  DeleteObjects: 0.222300 ms)

========================================================================
Received Import Request.
  Time since last request: 50.160721 seconds.
  path: Assets/MainMenu.cs
  artifactKey: Guid(1b23d8bbf2cdeb449a74f6c7f13ba489) Importer(815301076,1909f56bfc062723c751e8b465ee728b)
Start importing Assets/MainMenu.cs using Guid(1b23d8bbf2cdeb449a74f6c7f13ba489) Importer(815301076,1909f56bfc062723c751e8b465ee728b)  -> (artifact id: 'b6d6feca8af6986d00c1ffd08ebf0c16') in 0.010101 seconds
  Import took 0.016764 seconds .

========================================================================
Received Prepare
Registering precompiled user dll's ...
Registered in 0.001857 seconds.
Begin MonoManager ReloadAssembly
Native extension for Lumin target not found
Native extension for LinuxStandalone target not found
Native extension for WindowsStandalone target not found
Native extension for OSXStandalone target not found
Native extension for WebGL target not found
Refreshing native plugins compatible for Editor in 0.89 ms, found 0 plugins.
Preloading 0 native plugins for Editor in 0.00 ms.
Warning: Annotation not found!
UnityEngine.StackTraceUtility:ExtractStackTrace ()
UnityEditor.ProBuilder.EditorUtility:SetGizmoIconEnabled (System.Type,bool) (at Library/PackageCache/com.unity.probuilder@4.4.0/Editor/EditorCore/EditorUtility.cs:593)
UnityEditor.ProBuilder.HierarchyListener:.cctor () (at Library/PackageCache/com.unity.probuilder@4.4.0/Editor/EditorCore/HierarchyListener.cs:21)
System.Runtime.CompilerServices.RuntimeHelpers:RunClassConstructor (System.RuntimeTypeHandle)
UnityEditor.EditorAssemblies:ProcessInitializeOnLoadAttributes (System.Type[])

[Library/PackageCache/com.unity.probuilder@4.4.0/Editor/EditorCore/EditorUtility.cs line 593]

Invoked RoslynAnalysisRunner static constructor.
RoslynAnalysisRunner will not be running.
RoslynAnalysisRunner has terminated.
Mono: successfully reloaded assembly
- Completed reload, in  1.407 seconds
Platform modules already initialized, skipping
Refreshing native plugins compatible for Editor in 0.58 ms, found 0 plugins.
Preloading 0 native plugins for Editor in 0.00 ms.
Unloading 2775 Unused Serialized files (Serialized files now loaded: 0)
System memory in use before: 112.2 MB.
System memory in use after: 112.4 MB.

Unloading 9 unused Assets to reduce memory usage. Loaded Objects now: 3272.
Total: 3.762300 ms (FindLiveObjects: 0.588200 ms CreateObjectMapping: 0.305700 ms MarkObjects: 2.719800 ms  DeleteObjects: 0.147000 ms)

========================================================================
Received Import Request.
  Time since last request: 75.376530 seconds.
  path: Assets/MainMenu.cs
  artifactKey: Guid(1b23d8bbf2cdeb449a74f6c7f13ba489) Importer(815301076,1909f56bfc062723c751e8b465ee728b)
Start importing Assets/MainMenu.cs using Guid(1b23d8bbf2cdeb449a74f6c7f13ba489) Importer(815301076,1909f56bfc062723c751e8b465ee728b)  -> (artifact id: '82db07f45ba8d4f75caaeb333989eb0e') in 0.010149 seconds
  Import took 0.017120 seconds .

========================================================================
Received Prepare
Registering precompiled user dll's ...
Registered in 0.002295 seconds.
Begin MonoManager ReloadAssembly
Native extension for Lumin target not found
Native extension for LinuxStandalone target not found
Native extension for WindowsStandalone target not found
Native extension for OSXStandalone target not found
Native extension for WebGL target not found
Refreshing native plugins compatible for Editor in 0.58 ms, found 0 plugins.
Preloading 0 native plugins for Editor in 0.00 ms.
Warning: Annotation not found!
UnityEngine.StackTraceUtility:ExtractStackTrace ()
UnityEditor.ProBuilder.EditorUtility:SetGizmoIconEnabled (System.Type,bool) (at Library/PackageCache/com.unity.probuilder@4.4.0/Editor/EditorCore/EditorUtility.cs:593)
UnityEditor.ProBuilder.HierarchyListener:.cctor () (at Library/PackageCache/com.unity.probuilder@4.4.0/Editor/EditorCore/HierarchyListener.cs:21)
System.Runtime.CompilerServices.RuntimeHelpers:RunClassConstructor (System.RuntimeTypeHandle)
UnityEditor.EditorAssemblies:ProcessInitializeOnLoadAttributes (System.Type[])

[Library/PackageCache/com.unity.probuilder@4.4.0/Editor/EditorCore/EditorUtility.cs line 593]

Invoked RoslynAnalysisRunner static constructor.
RoslynAnalysisRunner will not be running.
RoslynAnalysisRunner has terminated.
Mono: successfully reloaded assembly
- Completed reload, in  1.424 seconds
Platform modules already initialized, skipping
Refreshing native plugins compatible for Editor in 0.68 ms, found 0 plugins.
Preloading 0 native plugins for Editor in 0.00 ms.
Unloading 2775 Unused Serialized files (Serialized files now loaded: 0)
System memory in use before: 112.1 MB.
System memory in use after: 112.2 MB.

Unloading 9 unused Assets to reduce memory usage. Loaded Objects now: 3274.
Total: 4.622800 ms (FindLiveObjects: 0.504800 ms CreateObjectMapping: 0.215300 ms MarkObjects: 3.728400 ms  DeleteObjects: 0.172200 ms)

========================================================================
Received Import Request.
  Time since last request: 22.363026 seconds.
  path: Assets/MainMenu.cs
  artifactKey: Guid(1b23d8bbf2cdeb449a74f6c7f13ba489) Importer(815301076,1909f56bfc062723c751e8b465ee728b)
Start importing Assets/MainMenu.cs using Guid(1b23d8bbf2cdeb449a74f6c7f13ba489) Importer(815301076,1909f56bfc062723c751e8b465ee728b)  -> (artifact id: 'd241d83348c3398994fd7e596c5c21f2') in 0.008213 seconds
  Import took 0.013571 seconds .

========================================================================
Received Prepare
Registering precompiled user dll's ...
Registered in 0.002107 seconds.
Begin MonoManager ReloadAssembly
Native extension for Lumin target not found
Native extension for LinuxStandalone target not found
Native extension for WindowsStandalone target not found
Native extension for OSXStandalone target not found
Native extension for WebGL target not found
Refreshing native plugins compatible for Editor in 0.79 ms, found 0 plugins.
Preloading 0 native plugins for Editor in 0.00 ms.
Warning: Annotation not found!
UnityEngine.StackTraceUtility:ExtractStackTrace ()
UnityEditor.ProBuilder.EditorUtility:SetGizmoIconEnabled (System.Type,bool) (at Library/PackageCache/com.unity.probuilder@4.4.0/Editor/EditorCore/EditorUtility.cs:593)
UnityEditor.ProBuilder.HierarchyListener:.cctor () (at Library/PackageCache/com.unity.probuilder@4.4.0/Editor/EditorCore/HierarchyListener.cs:21)
System.Runtime.CompilerServices.RuntimeHelpers:RunClassConstructor (System.RuntimeTypeHandle)
UnityEditor.EditorAssemblies:ProcessInitializeOnLoadAttributes (System.Type[])

[Library/PackageCache/com.unity.probuilder@4.4.0/Editor/EditorCore/EditorUtility.cs line 593]

Invoked RoslynAnalysisRunner static constructor.
RoslynAnalysisRunner will not be running.
RoslynAnalysisRunner has terminated.
Mono: successfully reloaded assembly
- Completed reload, in  1.672 seconds
Platform modules already initialized, skipping
Refreshing native plugins compatible for Editor in 0.54 ms, found 0 plugins.
Preloading 0 native plugins for Editor in 0.00 ms.
Unloading 2775 Unused Serialized files (Serialized files now loaded: 0)
System memory in use before: 112.3 MB.
System memory in use after: 112.4 MB.

Unloading 9 unused Assets to reduce memory usage. Loaded Objects now: 3276.
Total: 4.321000 ms (FindLiveObjects: 0.364900 ms CreateObjectMapping: 0.169100 ms MarkObjects: 3.584000 ms  DeleteObjects: 0.200400 ms)

========================================================================
Received Import Request.
  Time since last request: 12.050402 seconds.
  path: Assets/MainMenu.cs
  artifactKey: Guid(1b23d8bbf2cdeb449a74f6c7f13ba489) Importer(815301076,1909f56bfc062723c751e8b465ee728b)
Start importing Assets/MainMenu.cs using Guid(1b23d8bbf2cdeb449a74f6c7f13ba489) Importer(815301076,1909f56bfc062723c751e8b465ee728b)  -> (artifact id: '4e484e36510f35018735597fa4e03600') in 0.012763 seconds
  Import took 0.024945 seconds .

========================================================================
Received Prepare
Registering precompiled user dll's ...
Registered in 0.001749 seconds.
Begin MonoManager ReloadAssembly
Native extension for Lumin target not found
Native extension for LinuxStandalone target not found
Native extension for WindowsStandalone target not found
Native extension for OSXStandalone target not found
Native extension for WebGL target not found
Refreshing native plugins compatible for Editor in 1.10 ms, found 0 plugins.
Preloading 0 native plugins for Editor in 0.00 ms.
Warning: Annotation not found!
UnityEngine.StackTraceUtility:ExtractStackTrace ()
UnityEditor.ProBuilder.EditorUtility:SetGizmoIconEnabled (System.Type,bool) (at Library/PackageCache/com.unity.probuilder@4.4.0/Editor/EditorCore/EditorUtility.cs:593)
UnityEditor.ProBuilder.HierarchyListener:.cctor () (at Library/PackageCache/com.unity.probuilder@4.4.0/Editor/EditorCore/HierarchyListener.cs:21)
System.Runtime.CompilerServices.RuntimeHelpers:RunClassConstructor (System.RuntimeTypeHandle)
UnityEditor.EditorAssemblies:ProcessInitializeOnLoadAttributes (System.Type[])

[Library/PackageCache/com.unity.probuilder@4.4.0/Editor/EditorCore/EditorUtility.cs line 593]

Invoked RoslynAnalysisRunner static constructor.
RoslynAnalysisRunner will not be running.
RoslynAnalysisRunner has terminated.
Mono: successfully reloaded assembly
- Completed reload, in  2.918 seconds
Platform modules already initialized, skipping
Refreshing native plugins compatible for Editor in 0.92 ms, found 0 plugins.
Preloading 0 native plugins for Editor in 0.00 ms.
Unloading 2775 Unused Serialized files (Serialized files now loaded: 0)
System memory in use before: 112.2 MB.
System memory in use after: 112.3 MB.

Unloading 9 unused Assets to reduce memory usage. Loaded Objects now: 3278.
Total: 8.470900 ms (FindLiveObjects: 0.895800 ms CreateObjectMapping: 0.761200 ms MarkObjects: 6.635600 ms  DeleteObjects: 0.175700 ms)

========================================================================
Received Import Request.
  Time since last request: 9.653764 seconds.
  path: Assets/MainMenu.cs
  artifactKey: Guid(1b23d8bbf2cdeb449a74f6c7f13ba489) Importer(815301076,1909f56bfc062723c751e8b465ee728b)
Start importing Assets/MainMenu.cs using Guid(1b23d8bbf2cdeb449a74f6c7f13ba489) Importer(815301076,1909f56bfc062723c751e8b465ee728b)  -> (artifact id: '00000000000000000000000000000000') in 0.001531 seconds
  ERROR: Build asset version error: assets/mainmenu.cs in SourceAssetDB has modification time of '2021-12-29T18:12:24.0601069Z' while content on disk has modification time of '2021-12-29T18:12:27.8359886Z'
  Import took 0.007401 seconds .

========================================================================
Received Prepare
Registering precompiled user dll's ...
Registered in 0.002205 seconds.
Begin MonoManager ReloadAssembly
Native extension for Lumin target not found
Native extension for LinuxStandalone target not found
Native extension for WindowsStandalone target not found
Native extension for OSXStandalone target not found
Native extension for WebGL target not found
Refreshing native plugins compatible for Editor in 0.64 ms, found 0 plugins.
Preloading 0 native plugins for Editor in 0.00 ms.
Warning: Annotation not found!
UnityEngine.StackTraceUtility:ExtractStackTrace ()
UnityEditor.ProBuilder.EditorUtility:SetGizmoIconEnabled (System.Type,bool) (at Library/PackageCache/com.unity.probuilder@4.4.0/Editor/EditorCore/EditorUtility.cs:593)
UnityEditor.ProBuilder.HierarchyListener:.cctor () (at Library/PackageCache/com.unity.probuilder@4.4.0/Editor/EditorCore/HierarchyListener.cs:21)
System.Runtime.CompilerServices.RuntimeHelpers:RunClassConstructor (System.RuntimeTypeHandle)
UnityEditor.EditorAssemblies:ProcessInitializeOnLoadAttributes (System.Type[])

[Library/PackageCache/com.unity.probuilder@4.4.0/Editor/EditorCore/EditorUtility.cs line 593]

Invoked RoslynAnalysisRunner static constructor.
RoslynAnalysisRunner will not be running.
RoslynAnalysisRunner has terminated.
Mono: successfully reloaded assembly
- Completed reload, in  1.298 seconds
Platform modules already initialized, skipping
Refreshing native plugins compatible for Editor in 0.82 ms, found 0 plugins.
Preloading 0 native plugins for Editor in 0.00 ms.
Unloading 2775 Unused Serialized files (Serialized files now loaded: 0)
System memory in use before: 112.3 MB.
System memory in use after: 112.4 MB.

Unloading 9 unused Assets to reduce memory usage. Loaded Objects now: 3280.
Total: 6.393300 ms (FindLiveObjects: 1.518100 ms CreateObjectMapping: 0.465200 ms MarkObjects: 4.224200 ms  DeleteObjects: 0.183900 ms)

========================================================================
Received Import Request.
  Time since last request: 4.047995 seconds.
  path: Assets/MainMenu.cs
  artifactKey: Guid(1b23d8bbf2cdeb449a74f6c7f13ba489) Importer(815301076,1909f56bfc062723c751e8b465ee728b)
Start importing Assets/MainMenu.cs using Guid(1b23d8bbf2cdeb449a74f6c7f13ba489) Importer(815301076,1909f56bfc062723c751e8b465ee728b)  -> (artifact id: '00000000000000000000000000000000') in 0.001825 seconds
  ERROR: Build asset version error: assets/mainmenu.cs in SourceAssetDB has modification time of '2021-12-29T18:12:24.0601069Z' while content on disk has modification time of '2021-12-29T18:12:32.6440685Z'
  Import took 0.007585 seconds .

========================================================================
Received Import Request.
  Time since last request: 0.043289 seconds.
  path: Assets/MainMenu.cs
  artifactKey: Guid(1b23d8bbf2cdeb449a74f6c7f13ba489) Importer(815301076,1909f56bfc062723c751e8b465ee728b)
Start importing Assets/MainMenu.cs using Guid(1b23d8bbf2cdeb449a74f6c7f13ba489) Importer(815301076,1909f56bfc062723c751e8b465ee728b)  -> (artifact id: '00000000000000000000000000000000') in 0.000618 seconds
  ERROR: Build asset version error: assets/mainmenu.cs in SourceAssetDB has modification time of '2021-12-29T18:12:24.0601069Z' while content on disk has modification time of '2021-12-29T18:12:32.6440685Z'
  Import took 0.007163 seconds .

========================================================================
Received Import Request.
  Time since last request: 0.129376 seconds.
  path: Assets/MainMenu.cs
  artifactKey: Guid(1b23d8bbf2cdeb449a74f6c7f13ba489) Importer(815301076,1909f56bfc062723c751e8b465ee728b)
Start importing Assets/MainMenu.cs using Guid(1b23d8bbf2cdeb449a74f6c7f13ba489) Importer(815301076,1909f56bfc062723c751e8b465ee728b)  -> (artifact id: '00000000000000000000000000000000') in 0.000553 seconds
  ERROR: Build asset version error: assets/mainmenu.cs in SourceAssetDB has modification time of '2021-12-29T18:12:24.0601069Z' while content on disk has modification time of '2021-12-29T18:12:32.6440685Z'
  Import took 0.007873 seconds .

========================================================================
Received Import Request.
  Time since last request: 0.038692 seconds.
  path: Assets/MainMenu.cs
  artifactKey: Guid(1b23d8bbf2cdeb449a74f6c7f13ba489) Importer(815301076,1909f56bfc062723c751e8b465ee728b)
Start importing Assets/MainMenu.cs using Guid(1b23d8bbf2cdeb449a74f6c7f13ba489) Importer(815301076,1909f56bfc062723c751e8b465ee728b)  -> (artifact id: '00000000000000000000000000000000') in 0.000627 seconds
  ERROR: Build asset version error: assets/mainmenu.cs in SourceAssetDB has modification time of '2021-12-29T18:12:24.0601069Z' while content on disk has modification time of '2021-12-29T18:12:32.6440685Z'
  Import took 0.007611 seconds .

========================================================================
Received Import Request.
  Time since last request: 0.058967 seconds.
  path: Assets/MainMenu.cs
  artifactKey: Guid(1b23d8bbf2cdeb449a74f6c7f13ba489) Importer(815301076,1909f56bfc062723c751e8b465ee728b)
Start importing Assets/MainMenu.cs using Guid(1b23d8bbf2cdeb449a74f6c7f13ba489) Importer(815301076,1909f56bfc062723c751e8b465ee728b)  -> (artifact id: '00000000000000000000000000000000') in 0.000883 seconds
  ERROR: Build asset version error: assets/mainmenu.cs in SourceAssetDB has modification time of '2021-12-29T18:12:24.0601069Z' while content on disk has modification time of '2021-12-29T18:12:32.6440685Z'
  Import took 0.010677 seconds .

========================================================================
Received Import Request.
  Time since last request: 0.038813 seconds.
  path: Assets/MainMenu.cs
  artifactKey: Guid(1b23d8bbf2cdeb449a74f6c7f13ba489) Importer(815301076,1909f56bfc062723c751e8b465ee728b)
Start importing Assets/MainMenu.cs using Guid(1b23d8bbf2cdeb449a74f6c7f13ba489) Importer(815301076,1909f56bfc062723c751e8b465ee728b)  -> (artifact id: '00000000000000000000000000000000') in 0.000592 seconds
  ERROR: Build asset version error: assets/mainmenu.cs in SourceAssetDB has modification time of '2021-12-29T18:12:24.0601069Z' while content on disk has modification time of '2021-12-29T18:12:32.6440685Z'
  Import took 0.010717 seconds .

========================================================================
Received Import Request.
  Time since last request: 0.045085 seconds.
  path: Assets/MainMenu.cs
  artifactKey: Guid(1b23d8bbf2cdeb449a74f6c7f13ba489) Importer(815301076,1909f56bfc062723c751e8b465ee728b)
Start importing Assets/MainMenu.cs using Guid(1b23d8bbf2cdeb449a74f6c7f13ba489) Importer(815301076,1909f56bfc062723c751e8b465ee728b)  -> (artifact id: '00000000000000000000000000000000') in 0.000526 seconds
  ERROR: Build asset version error: assets/mainmenu.cs in SourceAssetDB has modification time of '2021-12-29T18:12:24.0601069Z' while content on disk has modification time of '2021-12-29T18:12:32.6440685Z'
  Import took 0.007380 seconds .

========================================================================
Received Import Request.
  Time since last request: 0.053043 seconds.
  path: Assets/MainMenu.cs
  artifactKey: Guid(1b23d8bbf2cdeb449a74f6c7f13ba489) Importer(815301076,1909f56bfc062723c751e8b465ee728b)
Start importing Assets/MainMenu.cs using Guid(1b23d8bbf2cdeb449a74f6c7f13ba489) Importer(815301076,1909f56bfc062723c751e8b465ee728b)  -> (artifact id: '00000000000000000000000000000000') in 0.001023 seconds
  ERROR: Build asset version error: assets/mainmenu.cs in SourceAssetDB has modification time of '2021-12-29T18:12:24.0601069Z' while content on disk has modification time of '2021-12-29T18:12:32.6440685Z'
  Import took 0.082508 seconds .

========================================================================
Received Import Request.
  Time since last request: 0.391204 seconds.
  path: Assets/MainMenu.cs
  artifactKey: Guid(1b23d8bbf2cdeb449a74f6c7f13ba489) Importer(815301076,1909f56bfc062723c751e8b465ee728b)
Start importing Assets/MainMenu.cs using Guid(1b23d8bbf2cdeb449a74f6c7f13ba489) Importer(815301076,1909f56bfc062723c751e8b465ee728b)  -> (artifact id: '489dd2b8bef56f7de7bf71b668c19adc') in 0.012230 seconds
  Import took 0.019314 seconds .

========================================================================
Received Prepare
Registering precompiled user dll's ...
Registered in 0.002447 seconds.
Begin MonoManager ReloadAssembly
Native extension for Lumin target not found
Native extension for LinuxStandalone target not found
Native extension for WindowsStandalone target not found
Native extension for OSXStandalone target not found
Native extension for WebGL target not found
Refreshing native plugins compatible for Editor in 0.57 ms, found 0 plugins.
Preloading 0 native plugins for Editor in 0.00 ms.
Warning: Annotation not found!
UnityEngine.StackTraceUtility:ExtractStackTrace ()
UnityEditor.ProBuilder.EditorUtility:SetGizmoIconEnabled (System.Type,bool) (at Library/PackageCache/com.unity.probuilder@4.4.0/Editor/EditorCore/EditorUtility.cs:593)
UnityEditor.ProBuilder.HierarchyListener:.cctor () (at Library/PackageCache/com.unity.probuilder@4.4.0/Editor/EditorCore/HierarchyListener.cs:21)
System.Runtime.CompilerServices.RuntimeHelpers:RunClassConstructor (System.RuntimeTypeHandle)
UnityEditor.EditorAssemblies:ProcessInitializeOnLoadAttributes (System.Type[])

[Library/PackageCache/com.unity.probuilder@4.4.0/Editor/EditorCore/EditorUtility.cs line 593]

Invoked RoslynAnalysisRunner static constructor.
RoslynAnalysisRunner will not be running.
RoslynAnalysisRunner has terminated.
Mono: successfully reloaded assembly
- Completed reload, in  1.344 seconds
Platform modules already initialized, skipping
Refreshing native plugins compatible for Editor in 0.54 ms, found 0 plugins.
Preloading 0 native plugins for Editor in 0.00 ms.
Unloading 2775 Unused Serialized files (Serialized files now loaded: 0)
System memory in use before: 112.2 MB.
System memory in use after: 112.4 MB.

Unloading 9 unused Assets to reduce memory usage. Loaded Objects now: 3282.
Total: 4.613100 ms (FindLiveObjects: 0.834100 ms CreateObjectMapping: 0.367700 ms MarkObjects: 3.254800 ms  DeleteObjects: 0.153700 ms)

========================================================================
Received Prepare
Registering precompiled user dll's ...
Registered in 0.001918 seconds.
Begin MonoManager ReloadAssembly
Native extension for Lumin target not found
Native extension for LinuxStandalone target not found
Native extension for WindowsStandalone target not found
Native extension for OSXStandalone target not found
Native extension for WebGL target not found
Refreshing native plugins compatible for Editor in 0.57 ms, found 0 plugins.
Preloading 0 native plugins for Editor in 0.00 ms.
Warning: Annotation not found!
UnityEngine.StackTraceUtility:ExtractStackTrace ()
UnityEditor.ProBuilder.EditorUtility:SetGizmoIconEnabled (System.Type,bool) (at Library/PackageCache/com.unity.probuilder@4.4.0/Editor/EditorCore/EditorUtility.cs:593)
UnityEditor.ProBuilder.HierarchyListener:.cctor () (at Library/PackageCache/com.unity.probuilder@4.4.0/Editor/EditorCore/HierarchyListener.cs:21)
System.Runtime.CompilerServices.RuntimeHelpers:RunClassConstructor (System.RuntimeTypeHandle)
UnityEditor.EditorAssemblies:ProcessInitializeOnLoadAttributes (System.Type[])

[Library/PackageCache/com.unity.probuilder@4.4.0/Editor/EditorCore/EditorUtility.cs line 593]

Invoked RoslynAnalysisRunner static constructor.
RoslynAnalysisRunner will not be running.
RoslynAnalysisRunner has terminated.
Mono: successfully reloaded assembly
- Completed reload, in  1.378 seconds
Platform modules already initialized, skipping
Refreshing native plugins compatible for Editor in 0.55 ms, found 0 plugins.
Preloading 0 native plugins for Editor in 0.00 ms.
Unloading 2775 Unused Serialized files (Serialized files now loaded: 0)
System memory in use before: 112.3 MB.
System memory in use after: 112.4 MB.

Unloading 9 unused Assets to reduce memory usage. Loaded Objects now: 3284.
Total: 3.985200 ms (FindLiveObjects: 0.412000 ms CreateObjectMapping: 0.182700 ms MarkObjects: 3.224400 ms  DeleteObjects: 0.163800 ms)

========================================================================
Received Prepare
Registering precompiled user dll's ...
Registered in 0.001932 seconds.
Begin MonoManager ReloadAssembly
Native extension for Lumin target not found
Native extension for LinuxStandalone target not found
Native extension for WindowsStandalone target not found
Native extension for OSXStandalone target not found
Native extension for WebGL target not found
Refreshing native plugins compatible for Editor in 0.55 ms, found 0 plugins.
Preloading 0 native plugins for Editor in 0.00 ms.
Warning: Annotation not found!
UnityEngine.StackTraceUtility:ExtractStackTrace ()
UnityEditor.ProBuilder.EditorUtility:SetGizmoIconEnabled (System.Type,bool) (at Library/PackageCache/com.unity.probuilder@4.4.0/Editor/EditorCore/EditorUtility.cs:593)
UnityEditor.ProBuilder.HierarchyListener:.cctor () (at Library/PackageCache/com.unity.probuilder@4.4.0/Editor/EditorCore/HierarchyListener.cs:21)
System.Runtime.CompilerServices.RuntimeHelpers:RunClassConstructor (System.RuntimeTypeHandle)
UnityEditor.EditorAssemblies:ProcessInitializeOnLoadAttributes (System.Type[])

[Library/PackageCache/com.unity.probuilder@4.4.0/Editor/EditorCore/EditorUtility.cs line 593]

Invoked RoslynAnalysisRunner static constructor.
RoslynAnalysisRunner will not be running.
RoslynAnalysisRunner has terminated.
Mono: successfully reloaded assembly
- Completed reload, in  1.305 seconds
Platform modules already initialized, skipping
Refreshing native plugins compatible for Editor in 0.53 ms, found 0 plugins.
Preloading 0 native plugins for Editor in 0.00 ms.
Unloading 2775 Unused Serialized files (Serialized files now loaded: 0)
System memory in use before: 112.3 MB.
System memory in use after: 112.4 MB.

Unloading 9 unused Assets to reduce memory usage. Loaded Objects now: 3286.
Total: 3.352800 ms (FindLiveObjects: 0.375000 ms CreateObjectMapping: 0.113400 ms MarkObjects: 2.711200 ms  DeleteObjects: 0.150500 ms)

========================================================================
Received Import Request.
  Time since last request: 399.214806 seconds.
  path: Assets/Manager.prefab
  artifactKey: Guid(1177be93be9d13943b25a199c4653939) Importer(815301076,1909f56bfc062723c751e8b465ee728b)
Start importing Assets/Manager.prefab using Guid(1177be93be9d13943b25a199c4653939) Importer(815301076,1909f56bfc062723c751e8b465ee728b)  -> (artifact id: '7187e61c37ccba0cbb1484f1e11b5bc4') in 0.063410 seconds
  Import took 0.071315 seconds .

========================================================================
Received Import Request.
  Time since last request: 39.620794 seconds.
  path: Assets/MainMenu.unity
  artifactKey: Guid(64d2b02684139a94fafc35d9eb769183) Importer(815301076,1909f56bfc062723c751e8b465ee728b)
Start importing Assets/MainMenu.unity using Guid(64d2b02684139a94fafc35d9eb769183) Importer(815301076,1909f56bfc062723c751e8b465ee728b)  -> (artifact id: '33f228910dbc441e61d55b23d4132393') in 0.009930 seconds
  Import took 0.015464 seconds .

========================================================================
Received Prepare
Registering precompiled user dll's ...
Registered in 0.002097 seconds.
Begin MonoManager ReloadAssembly
Native extension for Lumin target not found
Native extension for LinuxStandalone target not found
Native extension for WindowsStandalone target not found
Native extension for OSXStandalone target not found
Native extension for WebGL target not found
Refreshing native plugins compatible for Editor in 0.54 ms, found 0 plugins.
Preloading 0 native plugins for Editor in 0.00 ms.
Warning: Annotation not found!
UnityEngine.StackTraceUtility:ExtractStackTrace ()
UnityEditor.ProBuilder.EditorUtility:SetGizmoIconEnabled (System.Type,bool) (at Library/PackageCache/com.unity.probuilder@4.4.0/Editor/EditorCore/EditorUtility.cs:593)
UnityEditor.ProBuilder.HierarchyListener:.cctor () (at Library/PackageCache/com.unity.probuilder@4.4.0/Editor/EditorCore/HierarchyListener.cs:21)
System.Runtime.CompilerServices.RuntimeHelpers:RunClassConstructor (System.RuntimeTypeHandle)
UnityEditor.EditorAssemblies:ProcessInitializeOnLoadAttributes (System.Type[])

[Library/PackageCache/com.unity.probuilder@4.4.0/Editor/EditorCore/EditorUtility.cs line 593]

Invoked RoslynAnalysisRunner static constructor.
RoslynAnalysisRunner will not be running.
RoslynAnalysisRunner has terminated.
Mono: successfully reloaded assembly
- Completed reload, in  1.307 seconds
Platform modules already initialized, skipping
Refreshing native plugins compatible for Editor in 0.54 ms, found 0 plugins.
Preloading 0 native plugins for Editor in 0.00 ms.
Unloading 2775 Unused Serialized files (Serialized files now loaded: 0)
System memory in use before: 111.6 MB.
System memory in use after: 111.7 MB.

Unloading 10 unused Assets to reduce memory usage. Loaded Objects now: 3290.
Total: 3.999700 ms (FindLiveObjects: 0.378800 ms CreateObjectMapping: 0.117300 ms MarkObjects: 3.336200 ms  DeleteObjects: 0.164600 ms)

========================================================================
Received Prepare
Refreshing native plugins compatible for Editor in 1.63 ms, found 0 plugins.
Preloading 0 native plugins for Editor in 0.00 ms.
Unloading 6 Unused Serialized files (Serialized files now loaded: 0)
System memory in use before: 56.6 MB.
System memory in use after: 56.7 MB.

Unloading 6 unused Assets to reduce memory usage. Loaded Objects now: 3290.
Total: 6.157800 ms (FindLiveObjects: 0.777000 ms CreateObjectMapping: 0.384000 ms MarkObjects: 4.802900 ms  DeleteObjects: 0.191500 ms)

========================================================================
Received Import Request.
  Time since last request: 96.458874 seconds.
  path: Assets/ParticleEffects/Scenes/FireFlies.unity
  artifactKey: Guid(a707b9a684fe9eb438c5ec155f07a7ae) Importer(815301076,1909f56bfc062723c751e8b465ee728b)
Start importing Assets/ParticleEffects/Scenes/FireFlies.unity using Guid(a707b9a684fe9eb438c5ec155f07a7ae) Importer(815301076,1909f56bfc062723c751e8b465ee728b)  -> (artifact id: '9b1dcc8d9d43c5a69615547f5ef3a774') in 0.010691 seconds
  Import took 0.016648 seconds .

========================================================================
Received Import Request.
  Time since last request: 1.234890 seconds.
  path: Assets/TextMesh Pro/Examples & Extras
  artifactKey: Guid(6e498e89faf57b849b706bfc862a75fd) Importer(815301076,1909f56bfc062723c751e8b465ee728b)
Start importing Assets/TextMesh Pro/Examples & Extras using Guid(6e498e89faf57b849b706bfc862a75fd) Importer(815301076,1909f56bfc062723c751e8b465ee728b)  -> (artifact id: 'd6dfc432a25b26b81db868ac2b2a1a93') in 0.010255 seconds
  Import took 0.015955 seconds .

========================================================================
Received Import Request.
  Time since last request: 2.437532 seconds.
  path: Assets/TextMesh Pro
  artifactKey: Guid(b70fb584747258746b61e0a2fb741bae) Importer(815301076,1909f56bfc062723c751e8b465ee728b)
Start importing Assets/TextMesh Pro using Guid(b70fb584747258746b61e0a2fb741bae) Importer(815301076,1909f56bfc062723c751e8b465ee728b)  -> (artifact id: '73b9ce23f2f240083e9103ed9efb0b17') in 0.009403 seconds
  Import took 0.014963 seconds .

========================================================================
Received Prepare
Registering precompiled user dll's ...
Registered in 0.001845 seconds.
Begin MonoManager ReloadAssembly
Native extension for Lumin target not found
Native extension for LinuxStandalone target not found
Native extension for WindowsStandalone target not found
Native extension for OSXStandalone target not found
Native extension for WebGL target not found
Refreshing native plugins compatible for Editor in 0.53 ms, found 0 plugins.
Preloading 0 native plugins for Editor in 0.00 ms.
Warning: Annotation not found!
UnityEngine.StackTraceUtility:ExtractStackTrace ()
UnityEditor.ProBuilder.EditorUtility:SetGizmoIconEnabled (System.Type,bool) (at Library/PackageCache/com.unity.probuilder@4.4.0/Editor/EditorCore/EditorUtility.cs:593)
UnityEditor.ProBuilder.HierarchyListener:.cctor () (at Library/PackageCache/com.unity.probuilder@4.4.0/Editor/EditorCore/HierarchyListener.cs:21)
System.Runtime.CompilerServices.RuntimeHelpers:RunClassConstructor (System.RuntimeTypeHandle)
UnityEditor.EditorAssemblies:ProcessInitializeOnLoadAttributes (System.Type[])

[Library/PackageCache/com.unity.probuilder@4.4.0/Editor/EditorCore/EditorUtility.cs line 593]

Invoked RoslynAnalysisRunner static constructor.
RoslynAnalysisRunner will not be running.
RoslynAnalysisRunner has terminated.
Mono: successfully reloaded assembly
- Completed reload, in  1.297 seconds
Platform modules already initialized, skipping
Refreshing native plugins compatible for Editor in 0.67 ms, found 0 plugins.
Preloading 0 native plugins for Editor in 0.00 ms.
Unloading 2740 Unused Serialized files (Serialized files now loaded: 0)
System memory in use before: 111.0 MB.
System memory in use after: 111.2 MB.

Unloading 42 unused Assets to reduce memory usage. Loaded Objects now: 3258.
Total: 3.830400 ms (FindLiveObjects: 0.499500 ms CreateObjectMapping: 0.268300 ms MarkObjects: 2.912300 ms  DeleteObjects: 0.148700 ms)

========================================================================
Received Import Request.
  Time since last request: 10.243645 seconds.
  path: Assets/Water Sim/WaterSim/Scenes/WaterSim.unity
  artifactKey: Guid(2cda990e2423bbf4892e6590ba056729) Importer(815301076,1909f56bfc062723c751e8b465ee728b)
Start importing Assets/Water Sim/WaterSim/Scenes/WaterSim.unity using Guid(2cda990e2423bbf4892e6590ba056729) Importer(815301076,1909f56bfc062723c751e8b465ee728b)  -> (artifact id: '608e8699576fee13886b41e283fa97b6') in 0.019430 seconds
  Import took 0.025803 seconds .

========================================================================
Received Import Request.
  Time since last request: 21.244262 seconds.
  path: Assets/Water Sim/Scripts
  artifactKey: Guid(f26f18a841abb67439ebdb607626e745) Importer(815301076,1909f56bfc062723c751e8b465ee728b)
Start importing Assets/Water Sim/Scripts using Guid(f26f18a841abb67439ebdb607626e745) Importer(815301076,1909f56bfc062723c751e8b465ee728b)  -> (artifact id: '760e78de613cf7b9887bcbfa0855761b') in 0.003853 seconds
  Import took 0.009288 seconds .

========================================================================
Received Import Request.
  Time since last request: 1.714851 seconds.
  path: Assets/Water Sim/Scripts/Cycle.cs
  artifactKey: Guid(98ab5f92114978d448eaeb666364ce24) Importer(815301076,1909f56bfc062723c751e8b465ee728b)
Start importing Assets/Water Sim/Scripts/Cycle.cs using Guid(98ab5f92114978d448eaeb666364ce24) Importer(815301076,1909f56bfc062723c751e8b465ee728b)  -> (artifact id: '77a3ef02754118058cb5c8818179895e') in 0.009711 seconds
  Import took 0.014292 seconds .

========================================================================
Received Import Request.
  Time since last request: 0.028010 seconds.
  path: Assets/Water Sim/Scripts/Cycle.cs
  artifactKey: Guid(98ab5f92114978d448eaeb666364ce24) Importer(815301076,1909f56bfc062723c751e8b465ee728b)
Start importing Assets/Water Sim/Scripts/Cycle.cs using Guid(98ab5f92114978d448eaeb666364ce24) Importer(815301076,1909f56bfc062723c751e8b465ee728b)  -> (artifact id: '77a3ef02754118058cb5c8818179895e') in 0.003910 seconds
  Import took 0.009415 seconds .

========================================================================
Received Prepare
Registering precompiled user dll's ...
Registered in 0.003132 seconds.
Begin MonoManager ReloadAssembly
Native extension for Lumin target not found
Native extension for LinuxStandalone target not found
Native extension for WindowsStandalone target not found
Native extension for OSXStandalone target not found
Native extension for WebGL target not found
Refreshing native plugins compatible for Editor in 0.81 ms, found 0 plugins.
Preloading 0 native plugins for Editor in 0.00 ms.
Warning: Annotation not found!
UnityEngine.StackTraceUtility:ExtractStackTrace ()
UnityEditor.ProBuilder.EditorUtility:SetGizmoIconEnabled (System.Type,bool) (at Library/PackageCache/com.unity.probuilder@4.4.0/Editor/EditorCore/EditorUtility.cs:593)
UnityEditor.ProBuilder.HierarchyListener:.cctor () (at Library/PackageCache/com.unity.probuilder@4.4.0/Editor/EditorCore/HierarchyListener.cs:21)
System.Runtime.CompilerServices.RuntimeHelpers:RunClassConstructor (System.RuntimeTypeHandle)
UnityEditor.EditorAssemblies:ProcessInitializeOnLoadAttributes (System.Type[])

[Library/PackageCache/com.unity.probuilder@4.4.0/Editor/EditorCore/EditorUtility.cs line 593]

Invoked RoslynAnalysisRunner static constructor.
RoslynAnalysisRunner will not be running.
RoslynAnalysisRunner has terminated.
Mono: successfully reloaded assembly
- Completed reload, in  1.856 seconds
Platform modules already initialized, skipping
Refreshing native plugins compatible for Editor in 1.00 ms, found 0 plugins.
Preloading 0 native plugins for Editor in 0.00 ms.
Unloading 2740 Unused Serialized files (Serialized files now loaded: 0)
System memory in use before: 111.1 MB.
System memory in use after: 111.3 MB.

Unloading 8 unused Assets to reduce memory usage. Loaded Objects now: 3260.
Total: 6.702100 ms (FindLiveObjects: 1.327100 ms CreateObjectMapping: 0.440500 ms MarkObjects: 4.778600 ms  DeleteObjects: 0.153100 ms)

========================================================================
Received Prepare
Registering precompiled user dll's ...
Registered in 0.001777 seconds.
Begin MonoManager ReloadAssembly
Native extension for Lumin target not found
Native extension for LinuxStandalone target not found
Native extension for WindowsStandalone target not found
Native extension for OSXStandalone target not found
Native extension for WebGL target not found
Refreshing native plugins compatible for Editor in 0.53 ms, found 0 plugins.
Preloading 0 native plugins for Editor in 0.00 ms.
Warning: Annotation not found!
UnityEngine.StackTraceUtility:ExtractStackTrace ()
UnityEditor.ProBuilder.EditorUtility:SetGizmoIconEnabled (System.Type,bool) (at Library/PackageCache/com.unity.probuilder@4.4.0/Editor/EditorCore/EditorUtility.cs:593)
UnityEditor.ProBuilder.HierarchyListener:.cctor () (at Library/PackageCache/com.unity.probuilder@4.4.0/Editor/EditorCore/HierarchyListener.cs:21)
System.Runtime.CompilerServices.RuntimeHelpers:RunClassConstructor (System.RuntimeTypeHandle)
UnityEditor.EditorAssemblies:ProcessInitializeOnLoadAttributes (System.Type[])

[Library/PackageCache/com.unity.probuilder@4.4.0/Editor/EditorCore/EditorUtility.cs line 593]

Invoked RoslynAnalysisRunner static constructor.
RoslynAnalysisRunner will not be running.
RoslynAnalysisRunner has terminated.
Mono: successfully reloaded assembly
- Completed reload, in  1.275 seconds
Platform modules already initialized, skipping
Refreshing native plugins compatible for Editor in 0.54 ms, found 0 plugins.
Preloading 0 native plugins for Editor in 0.00 ms.
Unloading 2775 Unused Serialized files (Serialized files now loaded: 0)
System memory in use before: 112.1 MB.
System memory in use after: 112.3 MB.

Unloading 9 unused Assets to reduce memory usage. Loaded Objects now: 3296.
Total: 4.538200 ms (FindLiveObjects: 0.369400 ms CreateObjectMapping: 0.150600 ms MarkObjects: 3.828000 ms  DeleteObjects: 0.188000 ms)

========================================================================
Received Import Request.
  Time since last request: 103.039370 seconds.
  path: Assets/TextMesh Pro/Shaders
  artifactKey: Guid(513aed77c1e946c41a7050c3b74ec3b4) Importer(815301076,1909f56bfc062723c751e8b465ee728b)
Start importing Assets/TextMesh Pro/Shaders using Guid(513aed77c1e946c41a7050c3b74ec3b4) Importer(815301076,1909f56bfc062723c751e8b465ee728b)  -> (artifact id: '4e6f319638b43ad14d2453dcc664a1ff') in 0.016246 seconds
  Import took 0.022509 seconds .

========================================================================
Received Prepare
Registering precompiled user dll's ...
Registered in 0.001789 seconds.
Begin MonoManager ReloadAssembly
Native extension for Lumin target not found
Native extension for LinuxStandalone target not found
Native extension for WindowsStandalone target not found
Native extension for OSXStandalone target not found
Native extension for WebGL target not found
Refreshing native plugins compatible for Editor in 0.60 ms, found 0 plugins.
Preloading 0 native plugins for Editor in 0.00 ms.
Warning: Annotation not found!
UnityEngine.StackTraceUtility:ExtractStackTrace ()
UnityEditor.ProBuilder.EditorUtility:SetGizmoIconEnabled (System.Type,bool) (at Library/PackageCache/com.unity.probuilder@4.4.0/Editor/EditorCore/EditorUtility.cs:593)
UnityEditor.ProBuilder.HierarchyListener:.cctor () (at Library/PackageCache/com.unity.probuilder@4.4.0/Editor/EditorCore/HierarchyListener.cs:21)
System.Runtime.CompilerServices.RuntimeHelpers:RunClassConstructor (System.RuntimeTypeHandle)
UnityEditor.EditorAssemblies:ProcessInitializeOnLoadAttributes (System.Type[])

[Library/PackageCache/com.unity.probuilder@4.4.0/Editor/EditorCore/EditorUtility.cs line 593]

Invoked RoslynAnalysisRunner static constructor.
RoslynAnalysisRunner will not be running.
RoslynAnalysisRunner has terminated.
Mono: successfully reloaded assembly
- Completed reload, in  1.266 seconds
Platform modules already initialized, skipping
Refreshing native plugins compatible for Editor in 0.56 ms, found 0 plugins.
Preloading 0 native plugins for Editor in 0.00 ms.
Unloading 2775 Unused Serialized files (Serialized files now loaded: 0)
System memory in use before: 112.2 MB.
System memory in use after: 112.3 MB.

Unloading 9 unused Assets to reduce memory usage. Loaded Objects now: 3298.
Total: 4.275500 ms (FindLiveObjects: 0.811300 ms CreateObjectMapping: 0.261300 ms MarkObjects: 3.044600 ms  DeleteObjects: 0.155500 ms)

========================================================================
Received Import Request.
  Time since last request: 48.884114 seconds.
  path: Assets/Water Sim/WaterSim/Textures
  artifactKey: Guid(29b127d59e4191941a2b33747e736c2b) Importer(815301076,1909f56bfc062723c751e8b465ee728b)
Start importing Assets/Water Sim/WaterSim/Textures using Guid(29b127d59e4191941a2b33747e736c2b) Importer(815301076,1909f56bfc062723c751e8b465ee728b)  -> (artifact id: '2043e42d9f603d1c67c1bf5787ca96f0') in 0.011102 seconds
  Import took 0.017000 seconds .

========================================================================
Received Import Request.
  Time since last request: 7.298891 seconds.
  path: Assets/TextMesh Pro/Resources
  artifactKey: Guid(fe5357a9ea2bb0543bba9a23611e2dbf) Importer(815301076,1909f56bfc062723c751e8b465ee728b)
Start importing Assets/TextMesh Pro/Resources using Guid(fe5357a9ea2bb0543bba9a23611e2dbf) Importer(815301076,1909f56bfc062723c751e8b465ee728b)  -> (artifact id: '3165e3d88743423745687859382c9683') in 0.010478 seconds
  Import took 0.017904 seconds .

========================================================================
Received Prepare
Registering precompiled user dll's ...
Registered in 0.002038 seconds.
Begin MonoManager ReloadAssembly
Native extension for Lumin target not found
Native extension for LinuxStandalone target not found
Native extension for WindowsStandalone target not found
Native extension for OSXStandalone target not found
Native extension for WebGL target not found
Refreshing native plugins compatible for Editor in 0.61 ms, found 0 plugins.
Preloading 0 native plugins for Editor in 0.00 ms.
Warning: Annotation not found!
UnityEngine.StackTraceUtility:ExtractStackTrace ()
UnityEditor.ProBuilder.EditorUtility:SetGizmoIconEnabled (System.Type,bool) (at Library/PackageCache/com.unity.probuilder@4.4.0/Editor/EditorCore/EditorUtility.cs:593)
UnityEditor.ProBuilder.HierarchyListener:.cctor () (at Library/PackageCache/com.unity.probuilder@4.4.0/Editor/EditorCore/HierarchyListener.cs:21)
System.Runtime.CompilerServices.RuntimeHelpers:RunClassConstructor (System.RuntimeTypeHandle)
UnityEditor.EditorAssemblies:ProcessInitializeOnLoadAttributes (System.Type[])

[Library/PackageCache/com.unity.probuilder@4.4.0/Editor/EditorCore/EditorUtility.cs line 593]

Invoked RoslynAnalysisRunner static constructor.
RoslynAnalysisRunner will not be running.
RoslynAnalysisRunner has terminated.
Mono: successfully reloaded assembly
- Completed reload, in  1.516 seconds
Platform modules already initialized, skipping
Refreshing native plugins compatible for Editor in 0.54 ms, found 0 plugins.
Preloading 0 native plugins for Editor in 0.00 ms.
Unloading 2740 Unused Serialized files (Serialized files now loaded: 0)
System memory in use before: 111.4 MB.
System memory in use after: 111.5 MB.

Unloading 42 unused Assets to reduce memory usage. Loaded Objects now: 3266.
Total: 4.718600 ms (FindLiveObjects: 0.449700 ms CreateObjectMapping: 0.183300 ms MarkObjects: 3.865400 ms  DeleteObjects: 0.217400 ms)

========================================================================
Received Prepare
Registering precompiled user dll's ...
Registered in 0.001807 seconds.
Begin MonoManager ReloadAssembly
Native extension for Lumin target not found
Native extension for LinuxStandalone target not found
Native extension for WindowsStandalone target not found
Native extension for OSXStandalone target not found
Native extension for WebGL target not found
Refreshing native plugins compatible for Editor in 1.03 ms, found 0 plugins.
Preloading 0 native plugins for Editor in 0.00 ms.
Warning: Annotation not found!
UnityEngine.StackTraceUtility:ExtractStackTrace ()
UnityEditor.ProBuilder.EditorUtility:SetGizmoIconEnabled (System.Type,bool) (at Library/PackageCache/com.unity.probuilder@4.4.0/Editor/EditorCore/EditorUtility.cs:593)
UnityEditor.ProBuilder.HierarchyListener:.cctor () (at Library/PackageCache/com.unity.probuilder@4.4.0/Editor/EditorCore/HierarchyListener.cs:21)
System.Runtime.CompilerServices.RuntimeHelpers:RunClassConstructor (System.RuntimeTypeHandle)
UnityEditor.EditorAssemblies:ProcessInitializeOnLoadAttributes (System.Type[])

[Library/PackageCache/com.unity.probuilder@4.4.0/Editor/EditorCore/EditorUtility.cs line 593]

Invoked RoslynAnalysisRunner static constructor.
RoslynAnalysisRunner will not be running.
RoslynAnalysisRunner has terminated.
Mono: successfully reloaded assembly
- Completed reload, in  1.301 seconds
Platform modules already initialized, skipping
Refreshing native plugins compatible for Editor in 0.55 ms, found 0 plugins.
Preloading 0 native plugins for Editor in 0.00 ms.
Unloading 2740 Unused Serialized files (Serialized files now loaded: 0)
System memory in use before: 111.0 MB.
System memory in use after: 111.1 MB.

Unloading 8 unused Assets to reduce memory usage. Loaded Objects now: 3268.
Total: 4.337700 ms (FindLiveObjects: 0.426800 ms CreateObjectMapping: 0.150000 ms MarkObjects: 3.604200 ms  DeleteObjects: 0.155100 ms)

========================================================================
Received Import Request.
  Time since last request: 28.651563 seconds.
  path: Assets/Water Sim/WaterSim/Scripts/Grid.cs
  artifactKey: Guid(aef562c75bb73a94b8a08fd9ed6648da) Importer(815301076,1909f56bfc062723c751e8b465ee728b)
Start importing Assets/Water Sim/WaterSim/Scripts/Grid.cs using Guid(aef562c75bb73a94b8a08fd9ed6648da) Importer(815301076,1909f56bfc062723c751e8b465ee728b)  -> (artifact id: '435a843a6a6ab504de3b369704ce16f3') in 0.014733 seconds
  Import took 0.021269 seconds .

========================================================================
Received Import Request.
  Time since last request: 0.026533 seconds.
  path: Assets/Water Sim/WaterSim/Scripts/Grid.cs
  artifactKey: Guid(aef562c75bb73a94b8a08fd9ed6648da) Importer(815301076,1909f56bfc062723c751e8b465ee728b)
Start importing Assets/Water Sim/WaterSim/Scripts/Grid.cs using Guid(aef562c75bb73a94b8a08fd9ed6648da) Importer(815301076,1909f56bfc062723c751e8b465ee728b)  -> (artifact id: '435a843a6a6ab504de3b369704ce16f3') in 0.003795 seconds
  Import took 0.009208 seconds .

========================================================================
Received Prepare
Registering precompiled user dll's ...
Registered in 0.002160 seconds.
Begin MonoManager ReloadAssembly
Native extension for Lumin target not found
Native extension for LinuxStandalone target not found
Native extension for WindowsStandalone target not found
Native extension for OSXStandalone target not found
Native extension for WebGL target not found
Refreshing native plugins compatible for Editor in 0.55 ms, found 0 plugins.
Preloading 0 native plugins for Editor in 0.00 ms.
Warning: Annotation not found!
UnityEngine.StackTraceUtility:ExtractStackTrace ()
UnityEditor.ProBuilder.EditorUtility:SetGizmoIconEnabled (System.Type,bool) (at Library/PackageCache/com.unity.probuilder@4.4.0/Editor/EditorCore/EditorUtility.cs:593)
UnityEditor.ProBuilder.HierarchyListener:.cctor () (at Library/PackageCache/com.unity.probuilder@4.4.0/Editor/EditorCore/HierarchyListener.cs:21)
System.Runtime.CompilerServices.RuntimeHelpers:RunClassConstructor (System.RuntimeTypeHandle)
UnityEditor.EditorAssemblies:ProcessInitializeOnLoadAttributes (System.Type[])

[Library/PackageCache/com.unity.probuilder@4.4.0/Editor/EditorCore/EditorUtility.cs line 593]

Invoked RoslynAnalysisRunner static constructor.
RoslynAnalysisRunner will not be running.
RoslynAnalysisRunner has terminated.
Mono: successfully reloaded assembly
- Completed reload, in  1.332 seconds
Platform modules already initialized, skipping
Refreshing native plugins compatible for Editor in 0.54 ms, found 0 plugins.
Preloading 0 native plugins for Editor in 0.00 ms.
Unloading 2740 Unused Serialized files (Serialized files now loaded: 0)
System memory in use before: 111.2 MB.
System memory in use after: 111.3 MB.

Unloading 8 unused Assets to reduce memory usage. Loaded Objects now: 3270.
Total: 4.878400 ms (FindLiveObjects: 0.426500 ms CreateObjectMapping: 0.377100 ms MarkObjects: 3.899100 ms  DeleteObjects: 0.173100 ms)

========================================================================
Received Prepare
Registering precompiled user dll's ...
Registered in 0.001931 seconds.
Begin MonoManager ReloadAssembly
Native extension for Lumin target not found
Native extension for LinuxStandalone target not found
Native extension for WindowsStandalone target not found
Native extension for OSXStandalone target not found
Native extension for WebGL target not found
Refreshing native plugins compatible for Editor in 0.52 ms, found 0 plugins.
Preloading 0 native plugins for Editor in 0.00 ms.
Warning: Annotation not found!
UnityEngine.StackTraceUtility:ExtractStackTrace ()
UnityEditor.ProBuilder.EditorUtility:SetGizmoIconEnabled (System.Type,bool) (at Library/PackageCache/com.unity.probuilder@4.4.0/Editor/EditorCore/EditorUtility.cs:593)
UnityEditor.ProBuilder.HierarchyListener:.cctor () (at Library/PackageCache/com.unity.probuilder@4.4.0/Editor/EditorCore/HierarchyListener.cs:21)
System.Runtime.CompilerServices.RuntimeHelpers:RunClassConstructor (System.RuntimeTypeHandle)
UnityEditor.EditorAssemblies:ProcessInitializeOnLoadAttributes (System.Type[])

[Library/PackageCache/com.unity.probuilder@4.4.0/Editor/EditorCore/EditorUtility.cs line 593]

Invoked RoslynAnalysisRunner static constructor.
RoslynAnalysisRunner will not be running.
RoslynAnalysisRunner has terminated.
Mono: successfully reloaded assembly
- Completed reload, in  1.525 seconds
Platform modules already initialized, skipping
Refreshing native plugins compatible for Editor in 0.86 ms, found 0 plugins.
Preloading 0 native plugins for Editor in 0.00 ms.
Unloading 2740 Unused Serialized files (Serialized files now loaded: 0)
System memory in use before: 111.1 MB.
System memory in use after: 111.3 MB.

Unloading 8 unused Assets to reduce memory usage. Loaded Objects now: 3272.
Total: 4.964200 ms (FindLiveObjects: 0.628400 ms CreateObjectMapping: 0.329800 ms MarkObjects: 3.744800 ms  DeleteObjects: 0.258700 ms)

========================================================================
Received Import Request.
  Time since last request: 159.520212 seconds.
  path: Assets/Resources/Cell.prefab
  artifactKey: Guid(42d15a5d488893244ba427ca1e9dbeba) Importer(815301076,1909f56bfc062723c751e8b465ee728b)
Start importing Assets/Resources/Cell.prefab using Guid(42d15a5d488893244ba427ca1e9dbeba) Importer(815301076,1909f56bfc062723c751e8b465ee728b)  -> (artifact id: '2b120a6881e1a3e04d4b3c647b27185b') in 0.127001 seconds
  Import took 0.132058 seconds .

========================================================================
Received Import Request.
  Time since last request: 7.332725 seconds.
  path: Assets/ParticleEffects/Scenes/Fireworks.unity
  artifactKey: Guid(ed63831e6388ec94aa4f7e0f09a390ba) Importer(815301076,1909f56bfc062723c751e8b465ee728b)
Start importing Assets/ParticleEffects/Scenes/Fireworks.unity using Guid(ed63831e6388ec94aa4f7e0f09a390ba) Importer(815301076,1909f56bfc062723c751e8b465ee728b)  -> (artifact id: '281198a5c7a8b23c179d71e9edf67d4b') in 0.006974 seconds
  Import took 0.012638 seconds .

========================================================================
Received Import Request.
  Time since last request: 1.652047 seconds.
  path: Assets/Resources/GridLine.prefab
  artifactKey: Guid(64684682896bd2a43960fd82b653a676) Importer(815301076,1909f56bfc062723c751e8b465ee728b)
Start importing Assets/Resources/GridLine.prefab using Guid(64684682896bd2a43960fd82b653a676) Importer(815301076,1909f56bfc062723c751e8b465ee728b)  -> (artifact id: '5a2581735fd07ffe0487f2c3978492b3') in 0.007522 seconds
  Import took 0.013026 seconds .

========================================================================
Received Import Request.
  Time since last request: 0.002369 seconds.
  path: Assets/Resources/GridLine.prefab
  artifactKey: Guid(64684682896bd2a43960fd82b653a676) Importer(815301076,1909f56bfc062723c751e8b465ee728b)
Start importing Assets/Resources/GridLine.prefab using Guid(64684682896bd2a43960fd82b653a676) Importer(815301076,1909f56bfc062723c751e8b465ee728b)  -> (artifact id: '5a2581735fd07ffe0487f2c3978492b3') in 0.007878 seconds
  Import took 0.014004 seconds .

========================================================================
Received Import Request.
  Time since last request: 5.520677 seconds.
  path: Assets/Resources/LiquidFlowSprites/00.png
  artifactKey: Guid(91809f9f9bd16fc48bf2e0dd922d2de9) Importer(815301076,1909f56bfc062723c751e8b465ee728b)
Start importing Assets/Resources/LiquidFlowSprites/00.png using Guid(91809f9f9bd16fc48bf2e0dd922d2de9) Importer(815301076,1909f56bfc062723c751e8b465ee728b)  -> (artifact id: 'bffc308112a9d1af36e3015a674088fd') in 0.085858 seconds
  Import took 0.091464 seconds .

========================================================================
Received Import Request.
  Time since last request: 0.000252 seconds.
  path: Assets/Resources/LiquidFlowSprites/07.png
  artifactKey: Guid(adaf5d03ace449646967c612b30e8d22) Importer(815301076,1909f56bfc062723c751e8b465ee728b)
Start importing Assets/Resources/LiquidFlowSprites/07.png using Guid(adaf5d03ace449646967c612b30e8d22) Importer(815301076,1909f56bfc062723c751e8b465ee728b)  -> (artifact id: '55071e403e122766cbd10b5ab476581b') in 0.019558 seconds
  Import took 0.025409 seconds .

========================================================================
Received Import Request.
  Time since last request: 0.000267 seconds.
  path: Assets/Resources/LiquidFlowSprites/04.png
  artifactKey: Guid(54798520afd123e4fa90b39aa74b5abd) Importer(815301076,1909f56bfc062723c751e8b465ee728b)
Start importing Assets/Resources/LiquidFlowSprites/04.png using Guid(54798520afd123e4fa90b39aa74b5abd) Importer(815301076,1909f56bfc062723c751e8b465ee728b)  -> (artifact id: 'd6c05cf748be438ef34a8502e27b4ae2') in 0.030992 seconds
  Import took 0.037069 seconds .

========================================================================
Received Import Request.
  Time since last request: 0.000303 seconds.
  path: Assets/Resources/LiquidFlowSprites/02.png
  artifactKey: Guid(7d0a880074cf5b845b1a54c1044f411c) Importer(815301076,1909f56bfc062723c751e8b465ee728b)
Start importing Assets/Resources/LiquidFlowSprites/02.png using Guid(7d0a880074cf5b845b1a54c1044f411c) Importer(815301076,1909f56bfc062723c751e8b465ee728b)  -> (artifact id: '7ed4940d3c8080b28e922003adabf9fe') in 0.022822 seconds
  Import took 0.028831 seconds .

========================================================================
Received Import Request.
  Time since last request: 0.000264 seconds.
  path: Assets/Resources/LiquidFlowSprites/03.png
  artifactKey: Guid(663dc21f4f94eaf43851457e382f6a28) Importer(815301076,1909f56bfc062723c751e8b465ee728b)
Start importing Assets/Resources/LiquidFlowSprites/03.png using Guid(663dc21f4f94eaf43851457e382f6a28) Importer(815301076,1909f56bfc062723c751e8b465ee728b)  -> (artifact id: '225b26a746485581938f1bcabcf11deb') in 0.019259 seconds
  Import took 0.025541 seconds .

========================================================================
Received Import Request.
  Time since last request: 0.000213 seconds.
  path: Assets/Resources/LiquidFlowSprites/06.png
  artifactKey: Guid(f8d5925959df2f544b139decc442c8f0) Importer(815301076,1909f56bfc062723c751e8b465ee728b)
Start importing Assets/Resources/LiquidFlowSprites/06.png using Guid(f8d5925959df2f544b139decc442c8f0) Importer(815301076,1909f56bfc062723c751e8b465ee728b)  -> (artifact id: '28eb1d556b93ee18f390c5f7568b0a48') in 0.024322 seconds
  Import took 0.029763 seconds .

========================================================================
Received Import Request.
  Time since last request: 0.000195 seconds.
  path: Assets/Resources/LiquidFlowSprites/01.png
  artifactKey: Guid(828e55a51dd45c546af6b8f8df4b5dd5) Importer(815301076,1909f56bfc062723c751e8b465ee728b)
Start importing Assets/Resources/LiquidFlowSprites/01.png using Guid(828e55a51dd45c546af6b8f8df4b5dd5) Importer(815301076,1909f56bfc062723c751e8b465ee728b)  -> (artifact id: 'd814397aa887f0e39ae976fee409eaa7') in 0.021142 seconds
  Import took 0.026388 seconds .

========================================================================
Received Import Request.
  Time since last request: 0.000233 seconds.
  path: Assets/Resources/LiquidFlowSprites/05.png
  artifactKey: Guid(22df79c6a43e24f43855c9d7efa47409) Importer(815301076,1909f56bfc062723c751e8b465ee728b)
Start importing Assets/Resources/LiquidFlowSprites/05.png using Guid(22df79c6a43e24f43855c9d7efa47409) Importer(815301076,1909f56bfc062723c751e8b465ee728b)  -> (artifact id: '715b765fd157d2a85705549507e5bd49') in 0.021366 seconds
  Import took 0.026813 seconds .

========================================================================
Received Import Request.
  Time since last request: 0.000217 seconds.
  path: Assets/Resources/LiquidFlowSprites/00.png
  artifactKey: Guid(91809f9f9bd16fc48bf2e0dd922d2de9) Importer(815301076,1909f56bfc062723c751e8b465ee728b)
Start importing Assets/Resources/LiquidFlowSprites/00.png using Guid(91809f9f9bd16fc48bf2e0dd922d2de9) Importer(815301076,1909f56bfc062723c751e8b465ee728b)  -> (artifact id: 'bffc308112a9d1af36e3015a674088fd') in 0.014306 seconds
  Import took 0.020319 seconds .

========================================================================
Received Import Request.
  Time since last request: 0.681931 seconds.
  path: Assets/Resources/LiquidFlowSprites/08.png
  artifactKey: Guid(ceabf23488c7daa4cbf39ad1cba6773a) Importer(815301076,1909f56bfc062723c751e8b465ee728b)
Start importing Assets/Resources/LiquidFlowSprites/08.png using Guid(ceabf23488c7daa4cbf39ad1cba6773a) Importer(815301076,1909f56bfc062723c751e8b465ee728b)  -> (artifact id: '76b11e682ddb608e505b6932c28859ce') in 0.025803 seconds
  Import took 0.031107 seconds .

========================================================================
Received Import Request.
  Time since last request: 0.000388 seconds.
  path: Assets/Resources/LiquidFlowSprites/09.png
  artifactKey: Guid(26baf3af7f3fc204b8a3cf9454fc2ccd) Importer(815301076,1909f56bfc062723c751e8b465ee728b)
Start importing Assets/Resources/LiquidFlowSprites/09.png using Guid(26baf3af7f3fc204b8a3cf9454fc2ccd) Importer(815301076,1909f56bfc062723c751e8b465ee728b)  -> (artifact id: '8e2eecba09add0cf9561e2917335e5c3') in 0.020622 seconds
  Import took 0.027571 seconds .

========================================================================
Received Import Request.
  Time since last request: 0.040946 seconds.
  path: Assets/Resources/LiquidFlowSprites/10.png
  artifactKey: Guid(ffbfb274e77fb7041a79b58971855cf7) Importer(815301076,1909f56bfc062723c751e8b465ee728b)
Start importing Assets/Resources/LiquidFlowSprites/10.png using Guid(ffbfb274e77fb7041a79b58971855cf7) Importer(815301076,1909f56bfc062723c751e8b465ee728b)  -> (artifact id: '62606feba09f91fa010f5dbfbd933c30') in 0.022435 seconds
  Import took 0.028686 seconds .

========================================================================
Received Import Request.
  Time since last request: 0.000222 seconds.
  path: Assets/Resources/LiquidFlowSprites/11.png
  artifactKey: Guid(2f3dab00ace927341a746483813f6ea7) Importer(815301076,1909f56bfc062723c751e8b465ee728b)
Start importing Assets/Resources/LiquidFlowSprites/11.png using Guid(2f3dab00ace927341a746483813f6ea7) Importer(815301076,1909f56bfc062723c751e8b465ee728b)  -> (artifact id: '7c122985849565a4a380cbe1fcb60fb7') in 0.018216 seconds
  Import took 0.024750 seconds .

========================================================================
Received Import Request.
  Time since last request: 0.000249 seconds.
  path: Assets/Resources/LiquidFlowSprites/12.png
  artifactKey: Guid(3fa52b806f59d0d49adfcc566891e587) Importer(815301076,1909f56bfc062723c751e8b465ee728b)
Start importing Assets/Resources/LiquidFlowSprites/12.png using Guid(3fa52b806f59d0d49adfcc566891e587) Importer(815301076,1909f56bfc062723c751e8b465ee728b)  -> (artifact id: 'a806d862e375e8ef1c0fa78ae5ecda2c') in 0.019384 seconds
  Import took 0.025160 seconds .

========================================================================
Received Import Request.
  Time since last request: 0.000201 seconds.
  path: Assets/Resources/LiquidFlowSprites/13.png
  artifactKey: Guid(ae8ef68ec84d2aa43ad113c30ba96108) Importer(815301076,1909f56bfc062723c751e8b465ee728b)
Start importing Assets/Resources/LiquidFlowSprites/13.png using Guid(ae8ef68ec84d2aa43ad113c30ba96108) Importer(815301076,1909f56bfc062723c751e8b465ee728b)  -> (artifact id: 'c57b958c6278ff74a618c9d002683c53') in 0.023245 seconds
  Import took 0.029136 seconds .

========================================================================
Received Import Request.
  Time since last request: 0.146745 seconds.
  path: Assets/Resources/LiquidFlowSprites/14.png
  artifactKey: Guid(b7ddcb9413f870b44be2a9e09e5b1020) Importer(815301076,1909f56bfc062723c751e8b465ee728b)
Start importing Assets/Resources/LiquidFlowSprites/14.png using Guid(b7ddcb9413f870b44be2a9e09e5b1020) Importer(815301076,1909f56bfc062723c751e8b465ee728b)  -> (artifact id: '64463606708d205ab66dfb77d3c13cca') in 0.020236 seconds
  Import took 0.025260 seconds .

========================================================================
Received Import Request.
  Time since last request: 0.000211 seconds.
  path: Assets/Water Sim/WaterSim/Textures/SquareBottom.png
  artifactKey: Guid(20dfa9e70e2bb1b4bb5ee9e3da7787e4) Importer(815301076,1909f56bfc062723c751e8b465ee728b)
Start importing Assets/Water Sim/WaterSim/Textures/SquareBottom.png using Guid(20dfa9e70e2bb1b4bb5ee9e3da7787e4) Importer(815301076,1909f56bfc062723c751e8b465ee728b)  -> (artifact id: '00667753af47844486d52f2182a0d967') in 0.021656 seconds
  Import took 0.027288 seconds .

========================================================================
Received Import Request.
  Time since last request: 0.000221 seconds.
  path: Assets/Resources/LiquidFlowSprites/15.png
  artifactKey: Guid(2d238938618a56740a9f24c99cff7296) Importer(815301076,1909f56bfc062723c751e8b465ee728b)
Start importing Assets/Resources/LiquidFlowSprites/15.png using Guid(2d238938618a56740a9f24c99cff7296) Importer(815301076,1909f56bfc062723c751e8b465ee728b)  -> (artifact id: 'b3517b4611882447106053e6620a8579') in 0.021085 seconds
  Import took 0.026250 seconds .

========================================================================
Received Import Request.
  Time since last request: 0.000263 seconds.
  path: Assets/Water Sim/WaterSim/Textures/Square.png
  artifactKey: Guid(90a96128869361544813a66caa28a197) Importer(815301076,1909f56bfc062723c751e8b465ee728b)
Start importing Assets/Water Sim/WaterSim/Textures/Square.png using Guid(90a96128869361544813a66caa28a197) Importer(815301076,1909f56bfc062723c751e8b465ee728b)  -> (artifact id: '6f5daf2198dee32254940ff41221687f') in 0.017800 seconds
  Import took 0.024024 seconds .

========================================================================
Received Prepare
Registering precompiled user dll's ...
Registered in 0.001739 seconds.
Begin MonoManager ReloadAssembly
Native extension for Lumin target not found
Native extension for LinuxStandalone target not found
Native extension for WindowsStandalone target not found
Native extension for OSXStandalone target not found
Native extension for WebGL target not found
Refreshing native plugins compatible for Editor in 0.54 ms, found 0 plugins.
Preloading 0 native plugins for Editor in 0.00 ms.
Warning: Annotation not found!
UnityEngine.StackTraceUtility:ExtractStackTrace ()
UnityEditor.ProBuilder.EditorUtility:SetGizmoIconEnabled (System.Type,bool) (at Library/PackageCache/com.unity.probuilder@4.4.0/Editor/EditorCore/EditorUtility.cs:593)
UnityEditor.ProBuilder.HierarchyListener:.cctor () (at Library/PackageCache/com.unity.probuilder@4.4.0/Editor/EditorCore/HierarchyListener.cs:21)
System.Runtime.CompilerServices.RuntimeHelpers:RunClassConstructor (System.RuntimeTypeHandle)
UnityEditor.EditorAssemblies:ProcessInitializeOnLoadAttributes (System.Type[])

[Library/PackageCache/com.unity.probuilder@4.4.0/Editor/EditorCore/EditorUtility.cs line 593]

Invoked RoslynAnalysisRunner static constructor.
RoslynAnalysisRunner will not be running.
RoslynAnalysisRunner has terminated.
Mono: successfully reloaded assembly
- Completed reload, in  1.326 seconds
Platform modules already initialized, skipping
Refreshing native plugins compatible for Editor in 0.66 ms, found 0 plugins.
Preloading 0 native plugins for Editor in 0.00 ms.
Unloading 2740 Unused Serialized files (Serialized files now loaded: 0)
System memory in use before: 113.9 MB.
System memory in use after: 114.0 MB.

Unloading 8 unused Assets to reduce memory usage. Loaded Objects now: 3286.
Total: 4.519900 ms (FindLiveObjects: 0.777100 ms CreateObjectMapping: 0.455000 ms MarkObjects: 3.144900 ms  DeleteObjects: 0.140400 ms)

========================================================================
Received Import Request.
  Time since last request: 44.732390 seconds.
  path: Assets/Resources/LiquidFlowSprites
  artifactKey: Guid(eac277f0df3f7fb458ef02e3e0feb3de) Importer(815301076,1909f56bfc062723c751e8b465ee728b)
Start importing Assets/Resources/LiquidFlowSprites using Guid(eac277f0df3f7fb458ef02e3e0feb3de) Importer(815301076,1909f56bfc062723c751e8b465ee728b)  -> (artifact id: 'c4b000431213094166a643f50056e509') in 0.020116 seconds
  Import took 0.028127 seconds .

========================================================================
Received Import Request.
  Time since last request: 5.846899 seconds.
  path: Assets/Resources/GridLine.prefab
  artifactKey: Guid(64684682896bd2a43960fd82b653a676) Importer(815301076,1909f56bfc062723c751e8b465ee728b)
Start importing Assets/Resources/GridLine.prefab using Guid(64684682896bd2a43960fd82b653a676) Importer(815301076,1909f56bfc062723c751e8b465ee728b)  -> (artifact id: '16b459898fd98c66cf9c20ab46967514') in 0.066664 seconds
  Import took 0.072768 seconds .

========================================================================
Received Prepare
Registering precompiled user dll's ...
Registered in 0.002684 seconds.
Begin MonoManager ReloadAssembly
Native extension for Lumin target not found
Native extension for LinuxStandalone target not found
Native extension for WindowsStandalone target not found
Native extension for OSXStandalone target not found
Native extension for WebGL target not found
Refreshing native plugins compatible for Editor in 0.59 ms, found 0 plugins.
Preloading 0 native plugins for Editor in 0.00 ms.
Warning: Annotation not found!
UnityEngine.StackTraceUtility:ExtractStackTrace ()
UnityEditor.ProBuilder.EditorUtility:SetGizmoIconEnabled (System.Type,bool) (at Library/PackageCache/com.unity.probuilder@4.4.0/Editor/EditorCore/EditorUtility.cs:593)
UnityEditor.ProBuilder.HierarchyListener:.cctor () (at Library/PackageCache/com.unity.probuilder@4.4.0/Editor/EditorCore/HierarchyListener.cs:21)
System.Runtime.CompilerServices.RuntimeHelpers:RunClassConstructor (System.RuntimeTypeHandle)
UnityEditor.EditorAssemblies:ProcessInitializeOnLoadAttributes (System.Type[])

[Library/PackageCache/com.unity.probuilder@4.4.0/Editor/EditorCore/EditorUtility.cs line 593]

Invoked RoslynAnalysisRunner static constructor.
RoslynAnalysisRunner will not be running.
RoslynAnalysisRunner has terminated.
Mono: successfully reloaded assembly
- Completed reload, in  1.585 seconds
Platform modules already initialized, skipping
Refreshing native plugins compatible for Editor in 0.95 ms, found 0 plugins.
Preloading 0 native plugins for Editor in 0.00 ms.
Unloading 2740 Unused Serialized files (Serialized files now loaded: 0)
System memory in use before: 114.2 MB.
System memory in use after: 114.3 MB.

Unloading 8 unused Assets to reduce memory usage. Loaded Objects now: 3289.
Total: 7.952300 ms (FindLiveObjects: 1.330400 ms CreateObjectMapping: 0.432000 ms MarkObjects: 6.016800 ms  DeleteObjects: 0.168700 ms)

========================================================================
Received Import Request.
  Time since last request: 13.316417 seconds.
  path: Assets/Resources/GridLine.prefab
  artifactKey: Guid(64684682896bd2a43960fd82b653a676) Importer(815301076,1909f56bfc062723c751e8b465ee728b)
Start importing Assets/Resources/GridLine.prefab using Guid(64684682896bd2a43960fd82b653a676) Importer(815301076,1909f56bfc062723c751e8b465ee728b)  -> (artifact id: 'ccf449c4a9f00689bf6754e5a3560a6c') in 0.079496 seconds
  Import took 0.086555 seconds .

========================================================================
Received Prepare
Refreshing native plugins compatible for Editor in 2.21 ms, found 0 plugins.
Preloading 0 native plugins for Editor in 0.00 ms.
Unloading 5 Unused Serialized files (Serialized files now loaded: 0)
System memory in use before: 59.4 MB.
System memory in use after: 59.6 MB.

Unloading 5 unused Assets to reduce memory usage. Loaded Objects now: 3290.
Total: 5.010800 ms (FindLiveObjects: 0.549200 ms CreateObjectMapping: 0.561000 ms MarkObjects: 3.758600 ms  DeleteObjects: 0.140300 ms)

